::1 - - [11/Jun/2019:17:19:06 +0000] "GET /journal/entry/5cfa9f2cfb4cf629c8f2f5fc HTTP/1.1" 304 - "-" "Mozilla/5.0 (Windows NT 10.0; Win64; x64) AppleWebKit/537.36 (KHTML, like Gecko) Chrome/74.0.3729.169 Safari/537.36"
::1 - - [11/Jun/2019:18:06:32 +0000] "GET / HTTP/1.1" 404 139 "-" "Mozilla/5.0 (Windows NT 10.0; Win64; x64) AppleWebKit/537.36 (KHTML, like Gecko) Chrome/74.0.3729.169 Safari/537.36"
::1 - - [11/Jun/2019:18:09:19 +0000] "GET / HTTP/1.1" 404 139 "-" "Mozilla/5.0 (Windows NT 10.0; Win64; x64) AppleWebKit/537.36 (KHTML, like Gecko) Chrome/74.0.3729.169 Safari/537.36"
::1 - - [17/Jun/2019:09:49:04 +0000] "GET / HTTP/1.1" 404 139 "-" "Mozilla/5.0 (Windows NT 10.0; Win64; x64) AppleWebKit/537.36 (KHTML, like Gecko) Chrome/75.0.3770.90 Safari/537.36"
::1 - - [17/Jun/2019:09:51:15 +0000] "GET / HTTP/1.1" 404 139 "-" "Mozilla/5.0 (Windows NT 10.0; Win64; x64) AppleWebKit/537.36 (KHTML, like Gecko) Chrome/75.0.3770.90 Safari/537.36"
::1 - - [17/Jun/2019:09:52:40 +0000] "GET /journal/entries HTTP/1.1" 500 2 "http://localhost:3001/" "Mozilla/5.0 (Windows NT 10.0; Win64; x64) AppleWebKit/537.36 (KHTML, like Gecko) Chrome/75.0.3770.90 Safari/537.36"
::1 - - [17/Jun/2019:09:54:38 +0000] "OPTIONS /journal/entries HTTP/1.1" 200 8 "http://localhost:3001/" "Mozilla/5.0 (Windows NT 10.0; Win64; x64) AppleWebKit/537.36 (KHTML, like Gecko) Chrome/75.0.3770.90 Safari/537.36"
::1 - - [17/Jun/2019:09:54:38 +0000] "GET /journal/entries HTTP/1.1" 500 2 "http://localhost:3001/" "Mozilla/5.0 (Windows NT 10.0; Win64; x64) AppleWebKit/537.36 (KHTML, like Gecko) Chrome/75.0.3770.90 Safari/537.36"
::1 - - [17/Jun/2019:09:54:46 +0000] "OPTIONS /journal/entries HTTP/1.1" 200 8 "http://localhost:3001/" "Mozilla/5.0 (Windows NT 10.0; Win64; x64) AppleWebKit/537.36 (KHTML, like Gecko) Chrome/75.0.3770.90 Safari/537.36"
::1 - - [17/Jun/2019:09:54:46 +0000] "GET /journal/entries HTTP/1.1" 500 2 "http://localhost:3001/" "Mozilla/5.0 (Windows NT 10.0; Win64; x64) AppleWebKit/537.36 (KHTML, like Gecko) Chrome/75.0.3770.90 Safari/537.36"
::1 - - [17/Jun/2019:09:55:31 +0000] "GET /journal/entries HTTP/1.1" 401 2 "http://localhost:3001/" "Mozilla/5.0 (Windows NT 10.0; Win64; x64) AppleWebKit/537.36 (KHTML, like Gecko) Chrome/75.0.3770.90 Safari/537.36"
::1 - - [17/Jun/2019:09:55:36 +0000] "OPTIONS /journal/entries HTTP/1.1" 200 8 "http://localhost:3001/" "Mozilla/5.0 (Windows NT 10.0; Win64; x64) AppleWebKit/537.36 (KHTML, like Gecko) Chrome/75.0.3770.90 Safari/537.36"
::1 - - [17/Jun/2019:09:55:36 +0000] "GET /journal/entries HTTP/1.1" 500 2 "http://localhost:3001/" "Mozilla/5.0 (Windows NT 10.0; Win64; x64) AppleWebKit/537.36 (KHTML, like Gecko) Chrome/75.0.3770.90 Safari/537.36"
::1 - - [17/Jun/2019:09:56:21 +0000] "OPTIONS /journal/entries HTTP/1.1" 200 8 "http://localhost:3001/" "Mozilla/5.0 (Windows NT 10.0; Win64; x64) AppleWebKit/537.36 (KHTML, like Gecko) Chrome/75.0.3770.90 Safari/537.36"
::1 - - [17/Jun/2019:09:56:21 +0000] "GET /journal/entries HTTP/1.1" 200 56 "http://localhost:3001/" "Mozilla/5.0 (Windows NT 10.0; Win64; x64) AppleWebKit/537.36 (KHTML, like Gecko) Chrome/75.0.3770.90 Safari/537.36"
::1 - - [17/Jun/2019:09:56:26 +0000] "GET /journal/entries HTTP/1.1" 304 - "http://localhost:3001/" "Mozilla/5.0 (Windows NT 10.0; Win64; x64) AppleWebKit/537.36 (KHTML, like Gecko) Chrome/75.0.3770.90 Safari/537.36"
::1 - - [17/Jun/2019:09:57:14 +0000] "OPTIONS /journal/entries HTTP/1.1" 200 8 "http://localhost:3001/" "Mozilla/5.0 (Windows NT 10.0; Win64; x64) AppleWebKit/537.36 (KHTML, like Gecko) Chrome/75.0.3770.90 Safari/537.36"
::1 - - [17/Jun/2019:09:57:14 +0000] "GET /journal/entries HTTP/1.1" 304 - "http://localhost:3001/" "Mozilla/5.0 (Windows NT 10.0; Win64; x64) AppleWebKit/537.36 (KHTML, like Gecko) Chrome/75.0.3770.90 Safari/537.36"
::1 - - [17/Jun/2019:09:57:27 +0000] "OPTIONS /journal/entries HTTP/1.1" 200 8 "http://localhost:3001/" "Mozilla/5.0 (Windows NT 10.0; Win64; x64) AppleWebKit/537.36 (KHTML, like Gecko) Chrome/75.0.3770.90 Safari/537.36"
::1 - - [17/Jun/2019:09:57:27 +0000] "GET /journal/entries HTTP/1.1" 304 - "http://localhost:3001/" "Mozilla/5.0 (Windows NT 10.0; Win64; x64) AppleWebKit/537.36 (KHTML, like Gecko) Chrome/75.0.3770.90 Safari/537.36"
::1 - - [17/Jun/2019:09:57:39 +0000] "OPTIONS /journal/entries HTTP/1.1" 200 8 "http://localhost:3001/" "Mozilla/5.0 (Windows NT 10.0; Win64; x64) AppleWebKit/537.36 (KHTML, like Gecko) Chrome/75.0.3770.90 Safari/537.36"
::1 - - [17/Jun/2019:09:57:39 +0000] "GET /journal/entries HTTP/1.1" 304 - "http://localhost:3001/" "Mozilla/5.0 (Windows NT 10.0; Win64; x64) AppleWebKit/537.36 (KHTML, like Gecko) Chrome/75.0.3770.90 Safari/537.36"
::1 - - [17/Jun/2019:09:58:06 +0000] "OPTIONS /journal/entries HTTP/1.1" 200 8 "http://localhost:3001/" "Mozilla/5.0 (Windows NT 10.0; Win64; x64) AppleWebKit/537.36 (KHTML, like Gecko) Chrome/75.0.3770.90 Safari/537.36"
::1 - - [17/Jun/2019:09:58:06 +0000] "GET /journal/entries HTTP/1.1" 304 - "http://localhost:3001/" "Mozilla/5.0 (Windows NT 10.0; Win64; x64) AppleWebKit/537.36 (KHTML, like Gecko) Chrome/75.0.3770.90 Safari/537.36"
::1 - - [17/Jun/2019:09:58:35 +0000] "OPTIONS /journal/entries HTTP/1.1" 200 8 "http://localhost:3001/" "Mozilla/5.0 (Windows NT 10.0; Win64; x64) AppleWebKit/537.36 (KHTML, like Gecko) Chrome/75.0.3770.90 Safari/537.36"
::1 - - [17/Jun/2019:09:58:35 +0000] "GET /journal/entries HTTP/1.1" 200 7360 "http://localhost:3001/" "Mozilla/5.0 (Windows NT 10.0; Win64; x64) AppleWebKit/537.36 (KHTML, like Gecko) Chrome/75.0.3770.90 Safari/537.36"
::1 - - [17/Jun/2019:09:58:59 +0000] "GET /journal/entries HTTP/1.1" 401 2 "-" "Mozilla/5.0 (Windows NT 10.0; Win64; x64) AppleWebKit/537.36 (KHTML, like Gecko) Chrome/75.0.3770.90 Safari/537.36"
::1 - - [17/Jun/2019:09:58:59 +0000] "GET /favicon.ico HTTP/1.1" 404 150 "http://localhost:3000/journal/entries" "Mozilla/5.0 (Windows NT 10.0; Win64; x64) AppleWebKit/537.36 (KHTML, like Gecko) Chrome/75.0.3770.90 Safari/537.36"
::1 - - [17/Jun/2019:09:59:32 +0000] "OPTIONS /journal/entries HTTP/1.1" 200 8 "http://localhost:3001/" "Mozilla/5.0 (Windows NT 10.0; Win64; x64) AppleWebKit/537.36 (KHTML, like Gecko) Chrome/75.0.3770.90 Safari/537.36"
::1 - - [17/Jun/2019:09:59:32 +0000] "GET /journal/entries HTTP/1.1" 304 - "http://localhost:3001/" "Mozilla/5.0 (Windows NT 10.0; Win64; x64) AppleWebKit/537.36 (KHTML, like Gecko) Chrome/75.0.3770.90 Safari/537.36"
::1 - - [17/Jun/2019:09:59:40 +0000] "OPTIONS /journal/entries HTTP/1.1" 200 8 "http://localhost:3001/" "Mozilla/5.0 (Windows NT 10.0; Win64; x64) AppleWebKit/537.36 (KHTML, like Gecko) Chrome/75.0.3770.90 Safari/537.36"
::1 - - [17/Jun/2019:09:59:40 +0000] "GET /journal/entries HTTP/1.1" 304 - "http://localhost:3001/" "Mozilla/5.0 (Windows NT 10.0; Win64; x64) AppleWebKit/537.36 (KHTML, like Gecko) Chrome/75.0.3770.90 Safari/537.36"
::1 - - [17/Jun/2019:10:04:25 +0000] "OPTIONS /journal/entries HTTP/1.1" 200 8 "http://localhost:3001/" "Mozilla/5.0 (Windows NT 10.0; Win64; x64) AppleWebKit/537.36 (KHTML, like Gecko) Chrome/75.0.3770.90 Safari/537.36"
::1 - - [17/Jun/2019:10:04:25 +0000] "GET /journal/entries HTTP/1.1" 304 - "http://localhost:3001/" "Mozilla/5.0 (Windows NT 10.0; Win64; x64) AppleWebKit/537.36 (KHTML, like Gecko) Chrome/75.0.3770.90 Safari/537.36"
::1 - - [17/Jun/2019:10:04:27 +0000] "GET /journal/entries HTTP/1.1" 304 - "http://localhost:3001/" "Mozilla/5.0 (Windows NT 10.0; Win64; x64) AppleWebKit/537.36 (KHTML, like Gecko) Chrome/75.0.3770.90 Safari/537.36"
::1 - - [17/Jun/2019:10:04:33 +0000] "OPTIONS /journal/entries HTTP/1.1" 200 8 "http://localhost:3001/" "Mozilla/5.0 (Windows NT 10.0; Win64; x64) AppleWebKit/537.36 (KHTML, like Gecko) Chrome/75.0.3770.90 Safari/537.36"
::1 - - [17/Jun/2019:10:04:33 +0000] "GET /journal/entries HTTP/1.1" 304 - "http://localhost:3001/" "Mozilla/5.0 (Windows NT 10.0; Win64; x64) AppleWebKit/537.36 (KHTML, like Gecko) Chrome/75.0.3770.90 Safari/537.36"
::1 - - [17/Jun/2019:10:04:40 +0000] "OPTIONS /journal/entries HTTP/1.1" 200 8 "http://localhost:3001/" "Mozilla/5.0 (Windows NT 10.0; Win64; x64) AppleWebKit/537.36 (KHTML, like Gecko) Chrome/75.0.3770.90 Safari/537.36"
::1 - - [17/Jun/2019:10:04:40 +0000] "GET /journal/entries HTTP/1.1" 304 - "http://localhost:3001/" "Mozilla/5.0 (Windows NT 10.0; Win64; x64) AppleWebKit/537.36 (KHTML, like Gecko) Chrome/75.0.3770.90 Safari/537.36"
::1 - - [17/Jun/2019:10:05:01 +0000] "OPTIONS /journal/entries HTTP/1.1" 200 8 "http://localhost:3001/" "Mozilla/5.0 (Windows NT 10.0; Win64; x64) AppleWebKit/537.36 (KHTML, like Gecko) Chrome/75.0.3770.90 Safari/537.36"
::1 - - [17/Jun/2019:10:05:01 +0000] "GET /journal/entries HTTP/1.1" 304 - "http://localhost:3001/" "Mozilla/5.0 (Windows NT 10.0; Win64; x64) AppleWebKit/537.36 (KHTML, like Gecko) Chrome/75.0.3770.90 Safari/537.36"
::1 - - [17/Jun/2019:10:05:11 +0000] "OPTIONS /journal/entries HTTP/1.1" 200 8 "http://localhost:3001/" "Mozilla/5.0 (Windows NT 10.0; Win64; x64) AppleWebKit/537.36 (KHTML, like Gecko) Chrome/75.0.3770.90 Safari/537.36"
::1 - - [17/Jun/2019:10:05:11 +0000] "GET /journal/entries HTTP/1.1" 304 - "http://localhost:3001/" "Mozilla/5.0 (Windows NT 10.0; Win64; x64) AppleWebKit/537.36 (KHTML, like Gecko) Chrome/75.0.3770.90 Safari/537.36"
::1 - - [17/Jun/2019:10:05:12 +0000] "OPTIONS /journal/entry/5cfa9f2cfb4cf629c8f2f5fc HTTP/1.1" 200 19 "http://localhost:3001/entry/5cfa9f2cfb4cf629c8f2f5fc" "Mozilla/5.0 (Windows NT 10.0; Win64; x64) AppleWebKit/537.36 (KHTML, like Gecko) Chrome/75.0.3770.90 Safari/537.36"
::1 - - [17/Jun/2019:10:05:12 +0000] "GET /journal/entry/5cfa9f2cfb4cf629c8f2f5fc HTTP/1.1" 200 1274 "http://localhost:3001/entry/5cfa9f2cfb4cf629c8f2f5fc" "Mozilla/5.0 (Windows NT 10.0; Win64; x64) AppleWebKit/537.36 (KHTML, like Gecko) Chrome/75.0.3770.90 Safari/537.36"
::1 - - [17/Jun/2019:10:05:30 +0000] "OPTIONS /journal/entries HTTP/1.1" 200 8 "http://localhost:3001/" "Mozilla/5.0 (Windows NT 10.0; Win64; x64) AppleWebKit/537.36 (KHTML, like Gecko) Chrome/75.0.3770.90 Safari/537.36"
::1 - - [17/Jun/2019:10:05:30 +0000] "GET /journal/entries HTTP/1.1" 304 - "http://localhost:3001/" "Mozilla/5.0 (Windows NT 10.0; Win64; x64) AppleWebKit/537.36 (KHTML, like Gecko) Chrome/75.0.3770.90 Safari/537.36"
::1 - - [17/Jun/2019:10:05:33 +0000] "OPTIONS /journal/entry/5cfab3eeff685c241050510e HTTP/1.1" 200 19 "http://localhost:3001/entry/5cfab3eeff685c241050510e" "Mozilla/5.0 (Windows NT 10.0; Win64; x64) AppleWebKit/537.36 (KHTML, like Gecko) Chrome/75.0.3770.90 Safari/537.36"
::1 - - [17/Jun/2019:10:05:33 +0000] "GET /journal/entry/5cfab3eeff685c241050510e HTTP/1.1" 200 269 "http://localhost:3001/entry/5cfab3eeff685c241050510e" "Mozilla/5.0 (Windows NT 10.0; Win64; x64) AppleWebKit/537.36 (KHTML, like Gecko) Chrome/75.0.3770.90 Safari/537.36"
::1 - - [17/Jun/2019:10:05:35 +0000] "GET /journal/entries HTTP/1.1" 304 - "http://localhost:3001/" "Mozilla/5.0 (Windows NT 10.0; Win64; x64) AppleWebKit/537.36 (KHTML, like Gecko) Chrome/75.0.3770.90 Safari/537.36"
::1 - - [17/Jun/2019:10:06:00 +0000] "OPTIONS /journal/entries HTTP/1.1" 200 8 "http://localhost:3001/" "Mozilla/5.0 (Windows NT 10.0; Win64; x64) AppleWebKit/537.36 (KHTML, like Gecko) Chrome/75.0.3770.90 Safari/537.36"
::1 - - [17/Jun/2019:10:06:00 +0000] "GET /journal/entries HTTP/1.1" 304 - "http://localhost:3001/" "Mozilla/5.0 (Windows NT 10.0; Win64; x64) AppleWebKit/537.36 (KHTML, like Gecko) Chrome/75.0.3770.90 Safari/537.36"
::1 - - [17/Jun/2019:10:06:20 +0000] "OPTIONS /journal/entries HTTP/1.1" 200 8 "http://localhost:3001/" "Mozilla/5.0 (Windows NT 10.0; Win64; x64) AppleWebKit/537.36 (KHTML, like Gecko) Chrome/75.0.3770.90 Safari/537.36"
::1 - - [17/Jun/2019:10:06:20 +0000] "GET /journal/entries HTTP/1.1" 304 - "http://localhost:3001/" "Mozilla/5.0 (Windows NT 10.0; Win64; x64) AppleWebKit/537.36 (KHTML, like Gecko) Chrome/75.0.3770.90 Safari/537.36"
::1 - - [17/Jun/2019:10:07:06 +0000] "OPTIONS /journal/entries HTTP/1.1" 200 8 "http://localhost:3001/" "Mozilla/5.0 (Windows NT 10.0; Win64; x64) AppleWebKit/537.36 (KHTML, like Gecko) Chrome/75.0.3770.90 Safari/537.36"
::1 - - [17/Jun/2019:10:07:06 +0000] "GET /journal/entries HTTP/1.1" 200 7366 "http://localhost:3001/" "Mozilla/5.0 (Windows NT 10.0; Win64; x64) AppleWebKit/537.36 (KHTML, like Gecko) Chrome/75.0.3770.90 Safari/537.36"
::1 - - [17/Jun/2019:10:07:39 +0000] "GET /journal/entry/5cfa9f2cfb4cf629c8f2f5fc HTTP/1.1" 401 2 "-" "Mozilla/5.0 (Windows NT 10.0; Win64; x64) AppleWebKit/537.36 (KHTML, like Gecko) Chrome/75.0.3770.90 Safari/537.36"
::1 - - [17/Jun/2019:10:07:52 +0000] "GET /journal/entry/5cfa9f2cfb4cf629c8f2f5fc HTTP/1.1" 200 1280 "-" "Mozilla/5.0 (Windows NT 10.0; Win64; x64) AppleWebKit/537.36 (KHTML, like Gecko) Chrome/75.0.3770.90 Safari/537.36"
::1 - - [17/Jun/2019:10:08:55 +0000] "OPTIONS /journal/entries HTTP/1.1" 200 8 "http://localhost:3001/" "Mozilla/5.0 (Windows NT 10.0; Win64; x64) AppleWebKit/537.36 (KHTML, like Gecko) Chrome/75.0.3770.90 Safari/537.36"
::1 - - [17/Jun/2019:10:08:55 +0000] "GET /journal/entries HTTP/1.1" 304 - "http://localhost:3001/" "Mozilla/5.0 (Windows NT 10.0; Win64; x64) AppleWebKit/537.36 (KHTML, like Gecko) Chrome/75.0.3770.90 Safari/537.36"
::1 - - [17/Jun/2019:10:08:59 +0000] "GET /journal/entries HTTP/1.1" 304 - "http://localhost:3001/" "Mozilla/5.0 (Windows NT 10.0; Win64; x64) AppleWebKit/537.36 (KHTML, like Gecko) Chrome/75.0.3770.90 Safari/537.36"
::1 - - [17/Jun/2019:10:10:25 +0000] "OPTIONS /journal/entries HTTP/1.1" 200 8 "http://localhost:3001/" "Mozilla/5.0 (Windows NT 10.0; Win64; x64) AppleWebKit/537.36 (KHTML, like Gecko) Chrome/75.0.3770.90 Safari/537.36"
::1 - - [17/Jun/2019:10:10:25 +0000] "GET /journal/entries HTTP/1.1" 304 - "http://localhost:3001/" "Mozilla/5.0 (Windows NT 10.0; Win64; x64) AppleWebKit/537.36 (KHTML, like Gecko) Chrome/75.0.3770.90 Safari/537.36"
::1 - - [17/Jun/2019:10:11:59 +0000] "OPTIONS /journal/entries HTTP/1.1" 200 8 "http://localhost:3001/" "Mozilla/5.0 (Windows NT 10.0; Win64; x64) AppleWebKit/537.36 (KHTML, like Gecko) Chrome/75.0.3770.90 Safari/537.36"
::1 - - [17/Jun/2019:10:11:59 +0000] "GET /journal/entries HTTP/1.1" 304 - "http://localhost:3001/" "Mozilla/5.0 (Windows NT 10.0; Win64; x64) AppleWebKit/537.36 (KHTML, like Gecko) Chrome/75.0.3770.90 Safari/537.36"
